<?xml version="1.0" encoding="UTF-8"?>
<testng-results ignored="0" total="3" passed="2" failed="1" skipped="0">
  <reporter-output>
  </reporter-output>
  <suite started-at="2021-10-14T13:27:14 IST" name="Suite" finished-at="2021-10-14T13:27:20 IST" duration-ms="5474">
    <groups>
    </groups>
    <test started-at="2021-10-14T13:27:14 IST" name="Test1" finished-at="2021-10-14T13:27:18 IST" duration-ms="3590">
      <class name="SAG.E2EProject.HomePage">
        <test-method is-config="true" signature="Intialsetup()[pri:0, instance:SAG.E2EProject.HomePage@53fdffa1]" started-at="2021-10-14T13:27:14 IST" name="Intialsetup" finished-at="2021-10-14T13:27:15 IST" duration-ms="1038" status="PASS">
          <reporter-output>
          </reporter-output>
        </test-method> <!-- Intialsetup -->
        <test-method signature="navigation(java.lang.String,java.lang.String,java.lang.String)[pri:0, instance:SAG.E2EProject.HomePage@53fdffa1]" started-at="2021-10-14T13:27:15 IST" name="navigation" data-provider="getdata" finished-at="2021-10-14T13:27:17 IST" duration-ms="1581" status="PASS">
          <params>
            <param index="0">
              <value>
                <![CDATA[abc.com]]>
              </value>
            </param>
            <param index="1">
              <value>
                <![CDATA[abc@123]]>
              </value>
            </param>
            <param index="2">
              <value>
                <![CDATA[Valid User]]>
              </value>
            </param>
          </params>
          <reporter-output>
          </reporter-output>
        </test-method> <!-- navigation -->
        <test-method signature="navigation(java.lang.String,java.lang.String,java.lang.String)[pri:0, instance:SAG.E2EProject.HomePage@53fdffa1]" started-at="2021-10-14T13:27:17 IST" name="navigation" data-provider="getdata" finished-at="2021-10-14T13:27:18 IST" duration-ms="905" status="PASS">
          <params>
            <param index="0">
              <value>
                <![CDATA[abc1.com]]>
              </value>
            </param>
            <param index="1">
              <value>
                <![CDATA[abc1@123]]>
              </value>
            </param>
            <param index="2">
              <value>
                <![CDATA[InValid User]]>
              </value>
            </param>
          </params>
          <reporter-output>
          </reporter-output>
        </test-method> <!-- navigation -->
        <test-method is-config="true" signature="Teardown()[pri:0, instance:SAG.E2EProject.HomePage@53fdffa1]" started-at="2021-10-14T13:27:18 IST" name="Teardown" finished-at="2021-10-14T13:27:18 IST" duration-ms="44" status="PASS">
          <reporter-output>
          </reporter-output>
        </test-method> <!-- Teardown -->
      </class> <!-- SAG.E2EProject.HomePage -->
    </test> <!-- Test1 -->
    <test started-at="2021-10-14T13:27:18 IST" name="Validation" finished-at="2021-10-14T13:27:20 IST" duration-ms="1862">
      <class name="SAG.E2EProject.validatePage">
        <test-method is-config="true" signature="broweserstart()[pri:0, instance:SAG.E2EProject.validatePage@1bb1fde8]" started-at="2021-10-14T13:27:18 IST" name="broweserstart" finished-at="2021-10-14T13:27:19 IST" duration-ms="663" status="PASS">
          <reporter-output>
          </reporter-output>
        </test-method> <!-- broweserstart -->
        <test-method signature="validatepage()[pri:0, instance:SAG.E2EProject.validatePage@1bb1fde8]" started-at="2021-10-14T13:27:19 IST" name="validatepage" finished-at="2021-10-14T13:27:20 IST" duration-ms="1159" status="FAIL">
          <exception class="java.lang.AssertionError">
            <message>
              <![CDATA[expected [FEATURED COURSES123] but found [FEATURED COURSES]]]>
            </message>
            <full-stacktrace>
              <![CDATA[java.lang.AssertionError: expected [FEATURED COURSES123] but found [FEATURED COURSES]
at org.testng.Assert.fail(Assert.java:99)
at org.testng.Assert.failNotEquals(Assert.java:1037)
at org.testng.Assert.assertEqualsImpl(Assert.java:140)
at org.testng.Assert.assertEquals(Assert.java:122)
at org.testng.Assert.assertEquals(Assert.java:629)
at org.testng.Assert.assertEquals(Assert.java:639)
at SAG.E2EProject.validatePage.validatepage(validatePage.java:35)
at java.base/jdk.internal.reflect.NativeMethodAccessorImpl.invoke0(Native Method)
at java.base/jdk.internal.reflect.NativeMethodAccessorImpl.invoke(NativeMethodAccessorImpl.java:78)
at java.base/jdk.internal.reflect.DelegatingMethodAccessorImpl.invoke(DelegatingMethodAccessorImpl.java:43)
at java.base/java.lang.reflect.Method.invoke(Method.java:567)
at org.testng.internal.MethodInvocationHelper.invokeMethod(MethodInvocationHelper.java:133)
at org.testng.internal.TestInvoker.invokeMethod(TestInvoker.java:598)
at org.testng.internal.TestInvoker.invokeTestMethod(TestInvoker.java:173)
at org.testng.internal.MethodRunner.runInSequence(MethodRunner.java:46)
at org.testng.internal.TestInvoker$MethodInvocationAgent.invoke(TestInvoker.java:824)
at org.testng.internal.TestInvoker.invokeTestMethods(TestInvoker.java:146)
at org.testng.internal.TestMethodWorker.invokeTestMethods(TestMethodWorker.java:146)
at org.testng.internal.TestMethodWorker.run(TestMethodWorker.java:128)
at java.base/java.util.ArrayList.forEach(ArrayList.java:1511)
at org.testng.TestRunner.privateRun(TestRunner.java:794)
at org.testng.TestRunner.run(TestRunner.java:596)
at org.testng.SuiteRunner.runTest(SuiteRunner.java:377)
at org.testng.SuiteRunner.runSequentially(SuiteRunner.java:371)
at org.testng.SuiteRunner.privateRun(SuiteRunner.java:332)
at org.testng.SuiteRunner.run(SuiteRunner.java:276)
at org.testng.SuiteRunnerWorker.runSuite(SuiteRunnerWorker.java:53)
at org.testng.SuiteRunnerWorker.run(SuiteRunnerWorker.java:96)
at org.testng.TestNG.runSuitesSequentially(TestNG.java:1212)
at org.testng.TestNG.runSuitesLocally(TestNG.java:1134)
at org.testng.TestNG.runSuites(TestNG.java:1063)
at org.testng.TestNG.run(TestNG.java:1031)
at org.testng.remote.AbstractRemoteTestNG.run(AbstractRemoteTestNG.java:115)
at org.testng.remote.RemoteTestNG.initAndRun(RemoteTestNG.java:251)
at org.testng.remote.RemoteTestNG.main(RemoteTestNG.java:77)
]]>
            </full-stacktrace>
          </exception> <!-- java.lang.AssertionError -->
          <reporter-output>
          </reporter-output>
        </test-method> <!-- validatepage -->
        <test-method is-config="true" signature="Teardown()[pri:0, instance:SAG.E2EProject.validatePage@1bb1fde8]" started-at="2021-10-14T13:27:20 IST" name="Teardown" finished-at="2021-10-14T13:27:20 IST" duration-ms="37" status="PASS">
          <reporter-output>
          </reporter-output>
        </test-method> <!-- Teardown -->
      </class> <!-- SAG.E2EProject.validatePage -->
    </test> <!-- Validation -->
  </suite> <!-- Suite -->
</testng-results>
